----------------------------------  ---------------
Z mean train                            0.00174603
Z variance train                        0.693537
KL Divergence                           2.85541
KL Loss                                 0.285541
QF Loss                                71.4629
VF Loss                                 4.12181
Policy Loss                            -1.99136
Aux Loss                               23.6635
Q Predictions Mean                      0.00351156
Q Predictions Std                       0.00054304
Q Predictions Max                       0.00487676
Q Predictions Min                       0.00202074
V Predictions Mean                     -0.00361225
V Predictions Std                       0.00084071
V Predictions Max                      -0.00134265
V Predictions Min                      -0.00561086
Log Pis Mean                           -2.00486
Log Pis Std                             0.376685
Log Pis Max                            -0.826766
Log Pis Min                            -3.54747
Policy mu Mean                         -0.000310282
Policy mu Std                           0.00055561
Policy mu Max                           0.00112779
Policy mu Min                          -0.00118048
Policy log std Mean                    -0.000259333
Policy log std Std                      0.00110274
Policy log std Max                      0.00111817
Policy log std Min                     -0.00254993
Z mean eval                             0.0209121
Z variance eval                         0.762328
AverageTrainReturn_all_train_tasks     -7.41266
AverageReturn_all_train_tasks          -7.15821
AverageReturn_all_test_tasks           -7.77787
Number of train steps total          1000
Number of env steps total           14800
Number of rollouts total                0
Train Time (s)                        122.543
(Previous) Eval Time (s)                0
Sample Time (s)                        28.2442
Epoch Time (s)                        150.787
Total Train Time (s)                  167.949
Epoch                                   0
----------------------------------  ---------------
2020-07-08 14:36:30.692993 UTC | [2020_07_08_14_33_42] Iteration #0 | Epoch Duration: 168.02890968322754
2020-07-08 14:36:30.694201 UTC | [2020_07_08_14_33_42] Iteration #0 | Started Training: False
----------------------------------  -------------
Z mean train                            0.0456611
Z variance train                        0.877888
KL Divergence                           0.955809
KL Loss                                 0.0955809
QF Loss                                 1.20119
VF Loss                                 0.556339
Policy Loss                            14.7669
Aux Loss                                8.42487
Q Predictions Mean                    -16.77
Q Predictions Std                       6.20199
Q Predictions Max                      -5.92597
Q Predictions Min                     -42.3454
V Predictions Mean                    -14.1464
V Predictions Std                       5.90201
V Predictions Max                      -4.08642
V Predictions Min                     -39.409
Log Pis Mean                           -1.79848
Log Pis Std                             0.708752
Log Pis Max                             0.736929
Log Pis Min                            -5.58815
Policy mu Mean                          0.176066
Policy mu Std                           0.298644
Policy mu Max                           0.741927
Policy mu Min                          -0.723887
Policy log std Mean                    -0.201404
Policy log std Std                      0.0387307
Policy log std Max                     -0.126558
Policy log std Min                     -0.311357
Z mean eval                             0.018281
Z variance eval                         0.818905
AverageTrainReturn_all_train_tasks     -5.77417
AverageReturn_all_train_tasks          -5.25033
AverageReturn_all_test_tasks           -6.50814
Number of train steps total          2000
Number of env steps total           19600
Number of rollouts total                0
Train Time (s)                        124.528
(Previous) Eval Time (s)               17.2404
Sample Time (s)                         9.49143
Epoch Time (s)                        151.26
Total Train Time (s)                  319.574
Epoch                                   1
----------------------------------  -------------
2020-07-08 14:39:02.296341 UTC | [2020_07_08_14_33_42] Iteration #1 | Epoch Duration: 151.60097002983093
2020-07-08 14:39:02.297670 UTC | [2020_07_08_14_33_42] Iteration #1 | Started Training: False
----------------------------------  -------------
Z mean train                            0.0234421
Z variance train                        1.0884
KL Divergence                           0.597439
KL Loss                                 0.0597439
QF Loss                                 2.66294
VF Loss                                 0.492105
Policy Loss                            31.8313
Aux Loss                                8.16621
Q Predictions Mean                    -35.1892
Q Predictions Std                      14.2837
Q Predictions Max                     -10.7018
Q Predictions Min                     -86.7645
V Predictions Mean                    -31.3469
V Predictions Std                      13.3776
V Predictions Max                      -9.05904
V Predictions Min                     -81.0714
Log Pis Mean                           -1.18786
Log Pis Std                             1.21224
Log Pis Max                             2.65084
Log Pis Min                            -6.62914
Policy mu Mean                          0.191488
Policy mu Std                           0.596552
Policy mu Max                           1.13911
Policy mu Min                          -1.2167
Policy log std Mean                    -0.259472
Policy log std Std                      0.0751514
Policy log std Max                     -0.0894136
Policy log std Min                     -0.447079
Z mean eval                             0.0125922
Z variance eval                         0.851876
AverageTrainReturn_all_train_tasks     -5.62791
AverageReturn_all_train_tasks          -5.30846
AverageReturn_all_test_tasks           -5.38895
Number of train steps total          3000
Number of env steps total           24400
Number of rollouts total                0
Train Time (s)                        125.712
(Previous) Eval Time (s)               17.5814
Sample Time (s)                         9.53181
Epoch Time (s)                        152.825
Total Train Time (s)                  472.708
Epoch                                   2
----------------------------------  -------------
2020-07-08 14:41:35.430147 UTC | [2020_07_08_14_33_42] Iteration #2 | Epoch Duration: 153.13149118423462
2020-07-08 14:41:35.431083 UTC | [2020_07_08_14_33_42] Iteration #2 | Started Training: False
----------------------------------  --------------
Z mean train                            0.00967873
Z variance train                        0.936747
KL Divergence                           0.57018
KL Loss                                 0.0570181
QF Loss                                 2.46136
VF Loss                                 0.447435
Policy Loss                            28.1842
Aux Loss                                8.43824
Q Predictions Mean                    -31.2278
Q Predictions Std                      17.1534
Q Predictions Max                      -3.09628
Q Predictions Min                    -110.92
V Predictions Mean                    -28.6527
V Predictions Std                      15.968
V Predictions Max                      -1.49777
V Predictions Min                    -106.384
Log Pis Mean                           -1.29875
Log Pis Std                             1.2089
Log Pis Max                             3.14295
Log Pis Min                            -6.6889
Policy mu Mean                          0.256363
Policy mu Std                           0.531825
Policy mu Max                           1.37718
Policy mu Min                          -1.33951
Policy log std Mean                    -0.281553
Policy log std Std                      0.0816689
Policy log std Max                     -0.10979
Policy log std Min                     -0.547763
Z mean eval                             0.031416
Z variance eval                         0.894976
AverageTrainReturn_all_train_tasks     -7.12954
AverageReturn_all_train_tasks          -7.52479
AverageReturn_all_test_tasks           -7.10465
Number of train steps total          4000
Number of env steps total           29200
Number of rollouts total                0
Train Time (s)                        124.43
(Previous) Eval Time (s)               17.8875
Sample Time (s)                         9.84849
Epoch Time (s)                        152.166
Total Train Time (s)                  625.94
Epoch                                   3
----------------------------------  --------------
2020-07-08 14:44:08.662918 UTC | [2020_07_08_14_33_42] Iteration #3 | Epoch Duration: 153.2306408882141
2020-07-08 14:44:08.664256 UTC | [2020_07_08_14_33_42] Iteration #3 | Started Training: False
----------------------------------  -------------
Z mean train                            0.0958296
Z variance train                        1.49074
KL Divergence                           0.943071
KL Loss                                 0.0943072
QF Loss                                 3.44246
VF Loss                                 0.218578
Policy Loss                            36.6502
Aux Loss                                8.05239
Q Predictions Mean                    -39.739
Q Predictions Std                      21.8576
Q Predictions Max                      -0.397081
Q Predictions Min                    -125.348
V Predictions Mean                    -36.6883
V Predictions Std                      20.4342
V Predictions Max                       1.62531
V Predictions Min                    -119.049
Log Pis Mean                           -1.0661
Log Pis Std                             1.40021
Log Pis Max                             4.33035
Log Pis Min                            -8.84509
Policy mu Mean                          0.263465
Policy mu Std                           0.621854
Policy mu Max                           1.42007
Policy mu Min                          -1.51259
Policy log std Mean                    -0.293422
Policy log std Std                      0.0957278
Policy log std Max                     -0.114703
Policy log std Min                     -0.558676
Z mean eval                             0.0414531
Z variance eval                         0.718563
AverageTrainReturn_all_train_tasks     -2.73277
AverageReturn_all_train_tasks          -4.2222
AverageReturn_all_test_tasks           -3.32884
Number of train steps total          5000
Number of env steps total           34120
Number of rollouts total                0
Train Time (s)                        125.057
(Previous) Eval Time (s)               18.9523
Sample Time (s)                        10.4768
Epoch Time (s)                        154.487
Total Train Time (s)                  779.65
Epoch                                   4
----------------------------------  -------------
2020-07-08 14:46:42.372445 UTC | [2020_07_08_14_33_42] Iteration #4 | Epoch Duration: 153.7069616317749
2020-07-08 14:46:42.373407 UTC | [2020_07_08_14_33_42] Iteration #4 | Started Training: False
----------------------------------  -------------
Z mean train                            0.0384225
Z variance train                        1.10527
KL Divergence                           0.75822
KL Loss                                 0.0758221
QF Loss                                 4.19351
VF Loss                                 0.572293
Policy Loss                            37.0016
Aux Loss                                9.85453
Q Predictions Mean                    -39.6724
Q Predictions Std                      24.132
Q Predictions Max                      11.7063
Q Predictions Min                    -168.881
V Predictions Mean                    -37.1135
V Predictions Std                      22.4071
V Predictions Max                      10.2217
V Predictions Min                    -155.144
Log Pis Mean                           -1.14831
Log Pis Std                             1.26557
Log Pis Max                             3.23314
Log Pis Min                            -8.12781
Policy mu Mean                          0.240903
Policy mu Std                           0.594094
Policy mu Max                           1.40318
Policy mu Min                          -1.43928
Policy log std Mean                    -0.27522
Policy log std Std                      0.0974579
Policy log std Max                     -0.0420045
Policy log std Min                     -0.561286
Z mean eval                             0.0183065
Z variance eval                         1.0018
AverageTrainReturn_all_train_tasks     -2.81028
AverageReturn_all_train_tasks          -2.64495
AverageReturn_all_test_tasks           -4.24942
Number of train steps total          6000
Number of env steps total           39051
Number of rollouts total                0
Train Time (s)                        125
(Previous) Eval Time (s)               18.1723
Sample Time (s)                         9.99032
Epoch Time (s)                        153.163
Total Train Time (s)                  933.04
Epoch                                   5
----------------------------------  -------------
2020-07-08 14:49:15.808883 UTC | [2020_07_08_14_33_42] Iteration #5 | Epoch Duration: 153.43451523780823
2020-07-08 14:49:15.810218 UTC | [2020_07_08_14_33_42] Iteration #5 | Started Training: False
----------------------------------  -------------
Z mean train                            0.0230807
Z variance train                        0.836035
KL Divergence                           2.24231
KL Loss                                 0.224231
QF Loss                                 4.68107
VF Loss                                 0.303771
Policy Loss                            37.0158
Aux Loss                                8.20129
Q Predictions Mean                    -39.8563
Q Predictions Std                      26.7933
Q Predictions Max                      18.7175
Q Predictions Min                    -172.362
V Predictions Mean                    -37.0825
V Predictions Std                      25.1267
V Predictions Max                      18.6829
V Predictions Min                    -158.922
Log Pis Mean                           -1.10395
Log Pis Std                             1.28331
Log Pis Max                             4.72392
Log Pis Min                            -6.30732
Policy mu Mean                          0.234664
Policy mu Std                           0.600105
Policy mu Max                           1.43699
Policy mu Min                          -1.61101
Policy log std Mean                    -0.302229
Policy log std Std                      0.0911276
Policy log std Max                     -0.0635222
Policy log std Min                     -0.647778
Z mean eval                             0.584559
Z variance eval                         1.33838
AverageTrainReturn_all_train_tasks     -5.57638
AverageReturn_all_train_tasks          -5.06995
AverageReturn_all_test_tasks           -5.32421
Number of train steps total          7000
Number of env steps total           44190
Number of rollouts total                0
Train Time (s)                        125.581
(Previous) Eval Time (s)               18.4434
Sample Time (s)                        10.3196
Epoch Time (s)                        154.344
Total Train Time (s)                 1087.27
Epoch                                   6
----------------------------------  -------------
2020-07-08 14:51:49.997780 UTC | [2020_07_08_14_33_42] Iteration #6 | Epoch Duration: 154.18644452095032
2020-07-08 14:51:49.999064 UTC | [2020_07_08_14_33_42] Iteration #6 | Started Training: False
----------------------------------  -------------
Z mean train                            0.364475
Z variance train                        0.682929
KL Divergence                          18.9205
KL Loss                                 1.89205
QF Loss                                 6.58142
VF Loss                                 1.21649
Policy Loss                            36.7931
Aux Loss                                5.4687
Q Predictions Mean                    -39.5667
Q Predictions Std                      29.763
Q Predictions Max                      26.7576
Q Predictions Min                    -180.745
V Predictions Mean                    -36.29
V Predictions Std                      27.9882
V Predictions Max                      27.303
V Predictions Min                    -168.366
Log Pis Mean                           -1.07379
Log Pis Std                             1.26736
Log Pis Max                             4.42751
Log Pis Min                            -7.40516
Policy mu Mean                          0.220185
Policy mu Std                           0.615815
Policy mu Max                           1.52332
Policy mu Min                          -1.61708
Policy log std Mean                    -0.305733
Policy log std Std                      0.100922
Policy log std Max                      0.0115355
Policy log std Min                     -0.660251
Z mean eval                             0.488859
Z variance eval                         0.754516
AverageTrainReturn_all_train_tasks     -4.40271
AverageReturn_all_train_tasks          -4.13664
AverageReturn_all_test_tasks           -3.7061
Number of train steps total          8000
Number of env steps total           49252
Number of rollouts total                0
Train Time (s)                        124.497
(Previous) Eval Time (s)               18.2858
Sample Time (s)                        10.4331
Epoch Time (s)                        153.216
Total Train Time (s)                 1240.52
Epoch                                   7
----------------------------------  -------------
2020-07-08 14:54:23.261316 UTC | [2020_07_08_14_33_42] Iteration #7 | Epoch Duration: 153.26112174987793
2020-07-08 14:54:23.262637 UTC | [2020_07_08_14_33_42] Iteration #7 | Started Training: False
----------------------------------  -------------
Z mean train                            0.204577
Z variance train                        0.469649
KL Divergence                          37.6635
KL Loss                                 3.76635
QF Loss                                 7.75522
VF Loss                                 0.534162
Policy Loss                            39.7293
Aux Loss                               -2.57781
Q Predictions Mean                    -43.0151
Q Predictions Std                      33.085
Q Predictions Max                      31.0595
Q Predictions Min                    -177.826
V Predictions Mean                    -39.7625
V Predictions Std                      31.4962
V Predictions Max                      34.6483
V Predictions Min                    -155.149
Log Pis Mean                           -0.872845
Log Pis Std                             1.37185
Log Pis Max                             3.86404
Log Pis Min                            -6.2854
Policy mu Mean                          0.297526
Policy mu Std                           0.65568
Policy mu Max                           1.58144
Policy mu Min                          -1.47641
Policy log std Mean                    -0.321126
Policy log std Std                      0.105794
Policy log std Max                      0.0785555
Policy log std Min                     -0.632289
Z mean eval                             0.2723
Z variance eval                         0.617418
AverageTrainReturn_all_train_tasks     -8.20991
AverageReturn_all_train_tasks          -6.30869
AverageReturn_all_test_tasks           -4.82077
Number of train steps total          9000
Number of env steps total           54324
Number of rollouts total                0
Train Time (s)                        123.127
(Previous) Eval Time (s)               18.3303
Sample Time (s)                        10.3667
Epoch Time (s)                        151.824
Total Train Time (s)                 1392.51
Epoch                                   8
----------------------------------  -------------
2020-07-08 14:56:55.245539 UTC | [2020_07_08_14_33_42] Iteration #8 | Epoch Duration: 151.9817247390747
2020-07-08 14:56:55.246496 UTC | [2020_07_08_14_33_42] Iteration #8 | Started Training: False
----------------------------------  -------------
Z mean train                            0.519385
Z variance train                        0.369634
KL Divergence                          52.7778
KL Loss                                 5.27778
QF Loss                                11.4695
VF Loss                                 1.55057
Policy Loss                            33.0719
Aux Loss                               -7.70581
Q Predictions Mean                    -36.4425
Q Predictions Std                      36.128
Q Predictions Max                      39.4699
Q Predictions Min                    -195.971
V Predictions Mean                    -33.9887
V Predictions Std                      34.9025
V Predictions Max                      42.5601
V Predictions Min                    -186.222
Log Pis Mean                           -0.929012
Log Pis Std                             1.3685
Log Pis Max                             3.98949
Log Pis Min                            -7.25543
Policy mu Mean                          0.314752
Policy mu Std                           0.629173
Policy mu Max                           1.54805
Policy mu Min                          -1.53454
Policy log std Mean                    -0.325147
Policy log std Std                      0.108964
Policy log std Max                      0.0909775
Policy log std Min                     -0.641046
Z mean eval                             0.761797
Z variance eval                         0.436492
AverageTrainReturn_all_train_tasks    -10.0882
AverageReturn_all_train_tasks          -3.37093
AverageReturn_all_test_tasks           -3.59555
Number of train steps total         10000
Number of env steps total           59459
Number of rollouts total                0
Train Time (s)                        122.86
(Previous) Eval Time (s)               18.4873
Sample Time (s)                        10.1953
Epoch Time (s)                        151.543
Total Train Time (s)                 1545.02
Epoch                                   9
----------------------------------  -------------
2020-07-08 14:59:27.754681 UTC | [2020_07_08_14_33_42] Iteration #9 | Epoch Duration: 152.50725317001343
2020-07-08 14:59:27.755994 UTC | [2020_07_08_14_33_42] Iteration #9 | Started Training: False
----------------------------------  -------------
Z mean train                            1.01803
Z variance train                        0.52527
KL Divergence                          66.13
KL Loss                                 6.613
QF Loss                                15.6964
VF Loss                                 0.650516
Policy Loss                            27.9738
Aux Loss                               -7.97268
Q Predictions Mean                    -30.692
Q Predictions Std                      38.5365
Q Predictions Max                      43.1768
Q Predictions Min                    -188.532
V Predictions Mean                    -28.1346
V Predictions Std                      37.4051
V Predictions Max                      46.4757
V Predictions Min                    -179.384
Log Pis Mean                           -0.745423
Log Pis Std                             1.45162
Log Pis Max                             4.16505
Log Pis Min                            -8.0365
Policy mu Mean                          0.334591
Policy mu Std                           0.675111
Policy mu Max                           1.59729
Policy mu Min                          -1.73397
Policy log std Mean                    -0.370549
Policy log std Std                      0.121794
Policy log std Max                      0.133281
Policy log std Min                     -0.751283
Z mean eval                             0.0695112
Z variance eval                         0.65081
AverageTrainReturn_all_train_tasks     -8.7072
AverageReturn_all_train_tasks          -5.16651
AverageReturn_all_test_tasks           -3.26378
Number of train steps total         11000
Number of env steps total           64619
Number of rollouts total                0
Train Time (s)                        124.521
(Previous) Eval Time (s)               19.4513
Sample Time (s)                        10.5619
Epoch Time (s)                        154.534
Total Train Time (s)                 1698.54
Epoch                                  10
----------------------------------  -------------
2020-07-08 15:02:01.289219 UTC | [2020_07_08_14_33_42] Iteration #10 | Epoch Duration: 153.5320019721985
2020-07-08 15:02:01.290421 UTC | [2020_07_08_14_33_42] Iteration #10 | Started Training: False
----------------------------------  ------------
Z mean train                            0.436089
Z variance train                        0.511305
KL Divergence                          55.9135
KL Loss                                 5.59135
QF Loss                                15.0747
VF Loss                                 0.742384
Policy Loss                            24.8235
Aux Loss                              -15.9238
Q Predictions Mean                    -28.1059
Q Predictions Std                      40.1861
Q Predictions Max                      47.0075
Q Predictions Min                    -190.347
V Predictions Mean                    -25.1014
V Predictions Std                      38.9122
V Predictions Max                      50.4584
V Predictions Min                    -181.673
Log Pis Mean                           -0.556896
Log Pis Std                             1.49781
Log Pis Max                             3.86801
Log Pis Min                           -10.4456
Policy mu Mean                          0.292051
Policy mu Std                           0.745934
Policy mu Max                           1.54607
Policy mu Min                          -1.72309
Policy log std Mean                    -0.387704
Policy log std Std                      0.129086
Policy log std Max                      0.153912
Policy log std Min                     -0.744215
Z mean eval                             0.559808
Z variance eval                         0.76083
AverageTrainReturn_all_train_tasks    -10.2123
AverageReturn_all_train_tasks          -5.48168
AverageReturn_all_test_tasks           -3.96382
Number of train steps total         12000
Number of env steps total           69627
Number of rollouts total                0
Train Time (s)                        124.847
(Previous) Eval Time (s)               18.4489
Sample Time (s)                        10.6205
Epoch Time (s)                        153.916
Total Train Time (s)                 1851.13
Epoch                                  11
----------------------------------  ------------
2020-07-08 15:04:33.869712 UTC | [2020_07_08_14_33_42] Iteration #11 | Epoch Duration: 152.5776755809784
2020-07-08 15:04:33.870980 UTC | [2020_07_08_14_33_42] Iteration #11 | Started Training: False
----------------------------------  ------------
Z mean train                            0.668422
Z variance train                        0.665565
KL Divergence                          55.3293
KL Loss                                 5.53294
QF Loss                                13.7294
VF Loss                                 1.42812
Policy Loss                            18.0625
Aux Loss                              -19.291
Q Predictions Mean                    -20.9873
Q Predictions Std                      41.9875
Q Predictions Max                      48.705
Q Predictions Min                    -185.316
V Predictions Mean                    -17.4822
V Predictions Std                      40.5737
V Predictions Max                      51.0401
V Predictions Min                    -180.993
Log Pis Mean                           -0.416246
Log Pis Std                             1.56143
Log Pis Max                             4.16961
Log Pis Min                            -6.98773
Policy mu Mean                          0.20095
Policy mu Std                           0.817261
Policy mu Max                           1.63903
Policy mu Min                          -1.85797
Policy log std Mean                    -0.413326
Policy log std Std                      0.131247
Policy log std Max                      0.135109
Policy log std Min                     -0.77318
Z mean eval                             0.572181
Z variance eval                         0.617146
AverageTrainReturn_all_train_tasks    -12.9099
AverageReturn_all_train_tasks          -2.88678
AverageReturn_all_test_tasks           -4.46828
Number of train steps total         13000
Number of env steps total           74523
Number of rollouts total                0
Train Time (s)                        123.19
(Previous) Eval Time (s)               17.1099
Sample Time (s)                         9.79726
Epoch Time (s)                        150.097
Total Train Time (s)                 2001.38
Epoch                                  12
----------------------------------  ------------
2020-07-08 15:07:04.149406 UTC | [2020_07_08_14_33_42] Iteration #12 | Epoch Duration: 150.27722144126892
2020-07-08 15:07:04.150469 UTC | [2020_07_08_14_33_42] Iteration #12 | Started Training: False
----------------------------------  ------------
Z mean train                            0.479342
Z variance train                        0.600169
KL Divergence                          61.6754
KL Loss                                 6.16754
QF Loss                                12.7947
VF Loss                                 0.755122
Policy Loss                             8.92211
Aux Loss                                9.08309
Q Predictions Mean                    -12.4847
Q Predictions Std                      42.1581
Q Predictions Max                      51.2639
Q Predictions Min                    -199.407
V Predictions Mean                     -8.85908
V Predictions Std                      40.2683
V Predictions Max                      52.196
V Predictions Min                    -189.07
Log Pis Mean                           -0.378547
Log Pis Std                             1.59591
Log Pis Max                             4.29181
Log Pis Min                            -8.32766
Policy mu Mean                          0.338722
Policy mu Std                           0.777141
Policy mu Max                           1.69068
Policy mu Min                          -1.66738
Policy log std Mean                    -0.411335
Policy log std Std                      0.126201
Policy log std Max                      0.143387
Policy log std Min                     -0.69784
Z mean eval                             0.253148
Z variance eval                         0.752462
AverageTrainReturn_all_train_tasks     -9.18827
AverageReturn_all_train_tasks          -5.03124
AverageReturn_all_test_tasks           -5.1019
Number of train steps total         14000
Number of env steps total           79400
Number of rollouts total                0
Train Time (s)                        124.288
(Previous) Eval Time (s)               17.2898
Sample Time (s)                         9.65238
Epoch Time (s)                        151.23
Total Train Time (s)                 2153.54
Epoch                                  13
----------------------------------  ------------
2020-07-08 15:09:36.326330 UTC | [2020_07_08_14_33_42] Iteration #13 | Epoch Duration: 152.17494463920593
2020-07-08 15:09:36.327732 UTC | [2020_07_08_14_33_42] Iteration #13 | Started Training: False
----------------------------------  -------------
Z mean train                            0.380472
Z variance train                        0.615222
KL Divergence                          59.1737
KL Loss                                 5.91737
QF Loss                                11.0867
VF Loss                                 0.771287
Policy Loss                             8.20423
Aux Loss                              -21.2075
Q Predictions Mean                    -11.6989
Q Predictions Std                      38.9483
Q Predictions Max                      52.1963
Q Predictions Min                    -194.14
V Predictions Mean                     -8.03634
V Predictions Std                      37.4178
V Predictions Max                      53.7417
V Predictions Min                    -181.675
Log Pis Mean                           -0.337242
Log Pis Std                             1.53274
Log Pis Max                             4.54296
Log Pis Min                            -9.20989
Policy mu Mean                          0.304004
Policy mu Std                           0.804432
Policy mu Max                           1.71587
Policy mu Min                          -1.71084
Policy log std Mean                    -0.420029
Policy log std Std                      0.117593
Policy log std Max                      0.0592662
Policy log std Min                     -0.688233
Z mean eval                             0.310058
Z variance eval                         0.80768
AverageTrainReturn_all_train_tasks    -11.0537
AverageReturn_all_train_tasks          -5.6001
AverageReturn_all_test_tasks           -4.65328
Number of train steps total         15000
Number of env steps total           84200
Number of rollouts total                0
Train Time (s)                        124.231
(Previous) Eval Time (s)               18.2344
Sample Time (s)                         9.77793
Epoch Time (s)                        152.243
Total Train Time (s)                 2305.27
Epoch                                  14
----------------------------------  -------------
2020-07-08 15:12:08.029256 UTC | [2020_07_08_14_33_42] Iteration #14 | Epoch Duration: 151.69982957839966
2020-07-08 15:12:08.030666 UTC | [2020_07_08_14_33_42] Iteration #14 | Started Training: False
----------------------------------  ------------
Z mean train                            0.355246
Z variance train                        0.632816
KL Divergence                          53.32
KL Loss                                 5.332
QF Loss                                13.3302
VF Loss                                 0.767606
Policy Loss                            -1.73778
Aux Loss                              -19.8601
Q Predictions Mean                     -1.94054
Q Predictions Std                      39.6811
Q Predictions Max                      56.5037
Q Predictions Min                    -193.63
V Predictions Mean                      2.05027
V Predictions Std                      38.0363
V Predictions Max                      58.362
V Predictions Min                    -176.499
Log Pis Mean                           -0.406647
Log Pis Std                             1.56036
Log Pis Max                             4.48598
Log Pis Min                            -9.18309
Policy mu Mean                          0.264058
Policy mu Std                           0.797262
Policy mu Max                           1.78728
Policy mu Min                          -1.70867
Policy log std Mean                    -0.411563
Policy log std Std                      0.131382
Policy log std Max                      0.125951
Policy log std Min                     -0.784738
Z mean eval                             0.500943
Z variance eval                         0.661064
AverageTrainReturn_all_train_tasks    -10.0004
AverageReturn_all_train_tasks          -4.73618
AverageReturn_all_test_tasks           -3.79527
Number of train steps total         16000
Number of env steps total           89090
Number of rollouts total                0
Train Time (s)                        123.243
(Previous) Eval Time (s)               17.691
Sample Time (s)                        10.1269
Epoch Time (s)                        151.061
Total Train Time (s)                 2455.99
Epoch                                  15
----------------------------------  ------------
2020-07-08 15:14:38.743561 UTC | [2020_07_08_14_33_42] Iteration #15 | Epoch Duration: 150.71193718910217
2020-07-08 15:14:38.744722 UTC | [2020_07_08_14_33_42] Iteration #15 | Started Training: False
----------------------------------  -------------
Z mean train                            0.094481
Z variance train                        0.72941
KL Divergence                          60.975
KL Loss                                 6.0975
QF Loss                                12.0173
VF Loss                                 0.737239
Policy Loss                           -10.426
Aux Loss                              -20.2613
Q Predictions Mean                      6.91512
Q Predictions Std                      38.1032
Q Predictions Max                      62.2574
Q Predictions Min                    -210.63
V Predictions Mean                     10.4542
V Predictions Std                      36.6552
V Predictions Max                      64.1661
V Predictions Min                    -183.884
Log Pis Mean                           -0.528981
Log Pis Std                             1.54534
Log Pis Max                             4.4855
Log Pis Min                            -6.39882
Policy mu Mean                          0.152171
Policy mu Std                           0.796087
Policy mu Max                           1.7458
Policy mu Min                          -1.66848
Policy log std Mean                    -0.39354
Policy log std Std                      0.131352
Policy log std Max                      0.0165979
Policy log std Min                     -0.731249
Z mean eval                             0.49775
Z variance eval                         0.820755
AverageTrainReturn_all_train_tasks     -9.13596
AverageReturn_all_train_tasks          -5.90312
AverageReturn_all_test_tasks           -4.40259
Number of train steps total         17000
Number of env steps total           93890
Number of rollouts total                0
Train Time (s)                        124.344
(Previous) Eval Time (s)               17.342
Sample Time (s)                         9.83693
Epoch Time (s)                        151.523
Total Train Time (s)                 2607.8
Epoch                                  16
----------------------------------  -------------
2020-07-08 15:17:10.560580 UTC | [2020_07_08_14_33_42] Iteration #16 | Epoch Duration: 151.81476473808289
2020-07-08 15:17:10.561913 UTC | [2020_07_08_14_33_42] Iteration #16 | Started Training: False
----------------------------------  -------------
Z mean train                            0.049246
Z variance train                        0.732176
KL Divergence                          60.5165
KL Loss                                 6.05165
QF Loss                                 9.91509
VF Loss                                 0.81442
Policy Loss                            -5.04189
Aux Loss                              -19.8623
Q Predictions Mean                      0.871509
Q Predictions Std                      42.4104
Q Predictions Max                      66.175
Q Predictions Min                    -229.468
V Predictions Mean                      5.10858
V Predictions Std                      40.1483
V Predictions Max                      66.8484
V Predictions Min                    -211.567
Log Pis Mean                           -0.37649
Log Pis Std                             1.57389
Log Pis Max                             4.74542
Log Pis Min                            -8.20408
Policy mu Mean                          0.24385
Policy mu Std                           0.813078
Policy mu Max                           1.77849
Policy mu Min                          -1.69422
Policy log std Mean                    -0.406335
Policy log std Std                      0.129261
Policy log std Max                      0.0267673
Policy log std Min                     -0.727791
Z mean eval                             0.38131
Z variance eval                         0.68314
AverageTrainReturn_all_train_tasks    -10.2458
AverageReturn_all_train_tasks          -2.80728
AverageReturn_all_test_tasks           -2.58682
Number of train steps total         18000
Number of env steps total           98735
Number of rollouts total                0
Train Time (s)                        125.543
(Previous) Eval Time (s)               17.6334
Sample Time (s)                         9.84209
Epoch Time (s)                        153.018
Total Train Time (s)                 2760.51
Epoch                                  17
----------------------------------  -------------
2020-07-08 15:19:43.296720 UTC | [2020_07_08_14_33_42] Iteration #17 | Epoch Duration: 152.73371291160583
2020-07-08 15:19:43.299273 UTC | [2020_07_08_14_33_42] Iteration #17 | Started Training: False
----------------------------------  --------------
Z mean train                             0.0805996
Z variance train                         0.76846
KL Divergence                           58.9025
KL Loss                                  5.89025
QF Loss                                 10.6565
VF Loss                                  0.688436
Policy Loss                            -16.0387
Aux Loss                               -13.8286
Q Predictions Mean                      12.6212
Q Predictions Std                       37.0489
Q Predictions Max                       69.0612
Q Predictions Min                     -176.246
V Predictions Mean                      16.3847
V Predictions Std                       35.3352
V Predictions Max                       70.7049
V Predictions Min                     -159.584
Log Pis Mean                            -0.56872
Log Pis Std                              1.50478
Log Pis Max                              4.72738
Log Pis Min                             -7.45899
Policy mu Mean                           0.179449
Policy mu Std                            0.777448
Policy mu Max                            1.76595
Policy mu Min                           -1.60838
Policy log std Mean                     -0.390876
Policy log std Std                       0.127785
Policy log std Max                       0.0799754
Policy log std Min                      -0.742935
Z mean eval                              0.537224
Z variance eval                          0.819702
AverageTrainReturn_all_train_tasks     -15.1345
AverageReturn_all_train_tasks           -5.64879
AverageReturn_all_test_tasks            -6.85851
Number of train steps total          19000
Number of env steps total           103535
Number of rollouts total                 0
Train Time (s)                         123.199
(Previous) Eval Time (s)                17.3485
Sample Time (s)                          9.31227
Epoch Time (s)                         149.859
Total Train Time (s)                  2910.14
Epoch                                   18
----------------------------------  --------------
2020-07-08 15:22:12.883893 UTC | [2020_07_08_14_33_42] Iteration #18 | Epoch Duration: 149.583163022995
2020-07-08 15:22:12.884982 UTC | [2020_07_08_14_33_42] Iteration #18 | Started Training: True
