----------------------------------  --------------
Z mean train                           0.0020821
Z variance train                       0.693318
KL Divergence                          2.85522
KL Loss                                0.285522
QF Loss                               23.1147
VF Loss                                4.07152
Policy Loss                           -1.98401
Aux Loss                              22.5826
Q Predictions Mean                    -0.00135523
Q Predictions Std                      0.000919007
Q Predictions Max                      0.000254178
Q Predictions Min                     -0.00406289
V Predictions Mean                     0.00166726
V Predictions Std                      0.000586602
V Predictions Max                      0.00293186
V Predictions Min                      0.000514592
Log Pis Mean                          -1.9938
Log Pis Std                            0.376593
Log Pis Max                           -0.857718
Log Pis Min                           -3.15287
Policy mu Mean                         0.000291456
Policy mu Std                          0.000724143
Policy mu Max                          0.00142469
Policy mu Min                         -0.00112478
Policy log std Mean                    3.19094e-05
Policy log std Std                     0.000716444
Policy log std Max                     0.0012098
Policy log std Min                    -0.00115355
Z mean eval                            0.269204
Z variance eval                        0.767323
AverageTrainReturn_all_train_tasks    -8.94964
AverageReturn_all_train_tasks         -8.40961
AverageReturn_all_test_tasks          -8.60995
Number of train steps total         1000
Number of env steps total           5000
Number of rollouts total               0
Train Time (s)                       357.561
(Previous) Eval Time (s)               0
Sample Time (s)                        9.97884
Epoch Time (s)                       367.539
Total Train Time (s)                 383.966
Epoch                                  0
----------------------------------  --------------
2020-07-20 16:47:13.826195 UTC | [2020_07_20_16_40_49] Iteration #0 | Epoch Duration: 384.01589608192444
2020-07-20 16:47:13.827195 UTC | [2020_07_20_16_40_49] Iteration #0 | Started Training: False
