----------------------------------  ---------------
Z mean train                            0.00196297
Z variance train                        0.693407
KL Divergence                           2.85953
KL Loss                                 0.285953
QF Loss                                17.4204
VF Loss                                 4.19099
Policy Loss                            -2.00841
Aux Loss                               23.973
Q Predictions Mean                      0.000766676
Q Predictions Std                       0.000604488
Q Predictions Max                       0.00210874
Q Predictions Min                      -0.000981871
V Predictions Mean                     -0.00240332
V Predictions Std                       0.000674494
V Predictions Max                      -0.000741285
V Predictions Min                      -0.0042437
Log Pis Mean                           -2.0132
Log Pis Std                             0.384165
Log Pis Max                            -0.819882
Log Pis Min                            -3.90819
Policy mu Mean                          0.000300679
Policy mu Std                           0.000257832
Policy mu Max                           0.000988189
Policy mu Min                          -0.000562096
Policy log std Mean                     0.000588042
Policy log std Std                      0.00047058
Policy log std Max                      0.00141171
Policy log std Min                     -0.000506251
Z mean eval                             0.0213813
Z variance eval                         0.793395
AverageTrainReturn_all_train_tasks     -8.86255
AverageReturn_all_train_tasks          -9.74849
AverageReturn_all_test_tasks           -8.83376
Number of train steps total          1000
Number of env steps total           15600
Number of rollouts total                0
Train Time (s)                        104.314
(Previous) Eval Time (s)                0
Sample Time (s)                        30.0377
Epoch Time (s)                        134.352
Total Train Time (s)                  149.938
Epoch                                   0
----------------------------------  ---------------
2020-07-19 19:28:10.129425 UTC | [2020_07_19_19_25_40] Iteration #0 | Epoch Duration: 149.98811721801758
2020-07-19 19:28:10.130298 UTC | [2020_07_19_19_25_40] Iteration #0 | Started Training: False
----------------------------------  --------------
Z mean train                            0.0641266
Z variance train                        0.925655
KL Divergence                           1.02428
KL Loss                                 0.102428
QF Loss                                 0.379405
VF Loss                                 0.0657927
Policy Loss                             2.8716
Aux Loss                                9.03229
Q Predictions Mean                     -4.94231
Q Predictions Std                       2.47248
Q Predictions Max                      -0.685546
Q Predictions Min                     -18.4491
V Predictions Mean                     -2.88061
V Predictions Std                       2.39234
V Predictions Max                       0.215724
V Predictions Min                     -15.6929
Log Pis Mean                           -2.0005
Log Pis Std                             0.371564
Log Pis Max                            -0.62268
Log Pis Min                            -4.38479
Policy mu Mean                          0.0548357
Policy mu Std                           0.153716
Policy mu Max                           0.36031
Policy mu Min                          -0.343591
Policy log std Mean                    -0.146513
Policy log std Std                      0.0164741
Policy log std Max                     -0.122497
Policy log std Min                     -0.1932
Z mean eval                             0.00324784
Z variance eval                         0.873394
AverageTrainReturn_all_train_tasks     -7.58711
AverageReturn_all_train_tasks          -8.04335
AverageReturn_all_test_tasks           -7.39855
Number of train steps total          2000
Number of env steps total           21200
Number of rollouts total                0
Train Time (s)                        102.734
(Previous) Eval Time (s)               15.6348
Sample Time (s)                        11.2327
Epoch Time (s)                        129.602
Total Train Time (s)                  279.854
Epoch                                   1
----------------------------------  --------------
2020-07-19 19:30:20.064268 UTC | [2020_07_19_19_25_40] Iteration #1 | Epoch Duration: 129.93293142318726
2020-07-19 19:30:20.065737 UTC | [2020_07_19_19_25_40] Iteration #1 | Started Training: False
----------------------------------  -------------
Z mean train                            0.0299885
Z variance train                        1.05658
KL Divergence                           0.792883
KL Loss                                 0.0792883
QF Loss                                 0.607572
VF Loss                                 0.0865436
Policy Loss                             5.31746
Aux Loss                                8.25234
Q Predictions Mean                     -7.60833
Q Predictions Std                       5.3531
Q Predictions Max                      -0.114287
Q Predictions Min                     -31.4512
V Predictions Mean                     -5.27043
V Predictions Std                       5.09586
V Predictions Max                       1.83743
V Predictions Min                     -28.135
Log Pis Mean                           -1.78914
Log Pis Std                             0.721078
Log Pis Max                             0.766713
Log Pis Min                            -6.34049
Policy mu Mean                          0.0935122
Policy mu Std                           0.332534
Policy mu Max                           0.793307
Policy mu Min                          -0.860517
Policy log std Mean                    -0.190093
Policy log std Std                      0.0341791
Policy log std Max                     -0.132346
Policy log std Min                     -0.292593
Z mean eval                             0.0215072
Z variance eval                         0.811616
AverageTrainReturn_all_train_tasks     -7.93051
AverageReturn_all_train_tasks          -7.81595
AverageReturn_all_test_tasks           -8.02013
Number of train steps total          3000
Number of env steps total           26800
Number of rollouts total                0
Train Time (s)                        103.671
(Previous) Eval Time (s)               15.9655
Sample Time (s)                        10.9878
Epoch Time (s)                        130.624
Total Train Time (s)                  410.297
Epoch                                   2
----------------------------------  -------------
2020-07-19 19:32:30.489161 UTC | [2020_07_19_19_25_40] Iteration #2 | Epoch Duration: 130.42244172096252
2020-07-19 19:32:30.490241 UTC | [2020_07_19_19_25_40] Iteration #2 | Started Training: False
