----------------------------------  ---------------
Z mean train                            0.00189352
Z variance train                        0.693641
KL Divergence                           2.85571
KL Loss                                 0.285571
QF Loss                                73.0968
VF Loss                                 4.1004
Policy Loss                            -1.98989
Aux Loss                               22.8314
Q Predictions Mean                     -0.00268095
Q Predictions Std                       0.000490441
Q Predictions Max                      -0.00155433
Q Predictions Min                      -0.00419907
V Predictions Mean                      0.000395196
V Predictions Std                       0.000544088
V Predictions Max                       0.00178432
V Predictions Min                      -0.00126253
Log Pis Mean                           -2.00488
Log Pis Std                             0.377242
Log Pis Max                            -0.793533
Log Pis Min                            -3.44335
Policy mu Mean                         -0.00192519
Policy mu Std                           0.000392102
Policy mu Max                          -0.00087336
Policy mu Min                          -0.00290705
Policy log std Mean                     9.84903e-05
Policy log std Std                      0.000431788
Policy log std Max                      0.00100051
Policy log std Min                     -0.000825709
Z mean eval                             0.0377508
Z variance eval                         0.809372
AverageTrainReturn_all_train_tasks     -6.73024
AverageReturn_all_train_tasks          -7.8893
AverageReturn_all_test_tasks           -8.04891
Number of train steps total          1000
Number of env steps total           14800
Number of rollouts total                0
Train Time (s)                        121.575
(Previous) Eval Time (s)                0
Sample Time (s)                        27.4619
Epoch Time (s)                        149.037
Total Train Time (s)                  166.012
Epoch                                   0
----------------------------------  ---------------
2020-07-08 15:27:31.392670 UTC | [2020_07_08_15_24_45] Iteration #0 | Epoch Duration: 166.07275938987732
2020-07-08 15:27:31.393570 UTC | [2020_07_08_15_24_45] Iteration #0 | Started Training: False
----------------------------------  -------------
Z mean train                            0.0514544
Z variance train                        0.931531
KL Divergence                           0.842892
KL Loss                                 0.0842892
QF Loss                                 1.19826
VF Loss                                 0.236593
Policy Loss                            14.3818
Aux Loss                                9.25862
Q Predictions Mean                    -16.6121
Q Predictions Std                       5.54032
Q Predictions Max                      -5.15189
Q Predictions Min                     -44.0616
V Predictions Mean                    -14.0725
V Predictions Std                       5.30287
V Predictions Max                      -3.76149
V Predictions Min                     -41.1021
Log Pis Mean                           -1.83014
Log Pis Std                             0.658402
Log Pis Max                             0.655849
Log Pis Min                            -4.69371
Policy mu Mean                          0.168653
Policy mu Std                           0.271632
Policy mu Max                           0.765004
Policy mu Min                          -0.741491
Policy log std Mean                    -0.188101
Policy log std Std                      0.0371172
Policy log std Max                     -0.137678
Policy log std Min                     -0.297921
Z mean eval                             0.0124276
Z variance eval                         0.800263
AverageTrainReturn_all_train_tasks     -6.70687
AverageReturn_all_train_tasks          -6.53011
AverageReturn_all_test_tasks           -6.28389
Number of train steps total          2000
Number of env steps total           19600
Number of rollouts total                0
Train Time (s)                        121.552
(Previous) Eval Time (s)               17.0343
Sample Time (s)                         9.23888
Epoch Time (s)                        147.825
Total Train Time (s)                  313.914
Epoch                                   1
----------------------------------  -------------
2020-07-08 15:29:59.283175 UTC | [2020_07_08_15_24_45] Iteration #1 | Epoch Duration: 147.88845944404602
2020-07-08 15:29:59.284269 UTC | [2020_07_08_15_24_45] Iteration #1 | Started Training: False
----------------------------------  --------------
Z mean train                            0.0279318
Z variance train                        0.925201
KL Divergence                           0.536171
KL Loss                                 0.0536171
QF Loss                                 1.86784
VF Loss                                 0.304773
Policy Loss                            23.8922
Aux Loss                                8.87062
Q Predictions Mean                    -26.8728
Q Predictions Std                      12.1469
Q Predictions Max                      -3.74685
Q Predictions Min                     -85.6114
V Predictions Mean                    -23.5745
V Predictions Std                      11.2574
V Predictions Max                      -1.7521
V Predictions Min                     -76.0315
Log Pis Mean                           -1.41253
Log Pis Std                             1.13432
Log Pis Max                             2.17126
Log Pis Min                            -6.09132
Policy mu Mean                          0.245446
Policy mu Std                           0.499414
Policy mu Max                           1.18933
Policy mu Min                          -1.18524
Policy log std Mean                    -0.238458
Policy log std Std                      0.0618633
Policy log std Max                     -0.121069
Policy log std Min                     -0.427229
Z mean eval                             0.00752301
Z variance eval                         0.889463
AverageTrainReturn_all_train_tasks     -5.10072
AverageReturn_all_train_tasks          -6.88592
AverageReturn_all_test_tasks           -5.81345
Number of train steps total          3000
Number of env steps total           24438
Number of rollouts total                0
Train Time (s)                        122.635
(Previous) Eval Time (s)               17.097
Sample Time (s)                         9.32267
Epoch Time (s)                        149.054
Total Train Time (s)                  463.153
Epoch                                   2
----------------------------------  --------------
2020-07-08 15:32:28.552654 UTC | [2020_07_08_15_24_45] Iteration #2 | Epoch Duration: 149.2673990726471
2020-07-08 15:32:28.553705 UTC | [2020_07_08_15_24_45] Iteration #2 | Started Training: False
----------------------------------  -------------
Z mean train                            0.0122121
Z variance train                        0.813931
KL Divergence                           0.375375
KL Loss                                 0.0375375
QF Loss                                 2.68308
VF Loss                                 0.386157
Policy Loss                            33.7408
Aux Loss                               10.7549
Q Predictions Mean                    -37.2679
Q Predictions Std                      17.5546
Q Predictions Max                      -4.20841
Q Predictions Min                    -120.097
V Predictions Mean                    -34.0656
V Predictions Std                      16.7035
V Predictions Max                      -2.32393
V Predictions Min                    -114.115
Log Pis Mean                           -1.11355
Log Pis Std                             1.32769
Log Pis Max                             3.22554
Log Pis Min                            -8.72824
Policy mu Mean                          0.282004
Policy mu Std                           0.607256
Policy mu Max                           1.30642
Policy mu Min                          -1.41567
Policy log std Mean                    -0.280684
Policy log std Std                      0.0865944
Policy log std Max                     -0.129263
Policy log std Min                     -0.527096
Z mean eval                             0.0145429
Z variance eval                         0.916547
AverageTrainReturn_all_train_tasks     -3.7638
AverageReturn_all_train_tasks          -5.63516
AverageReturn_all_test_tasks           -6.38948
Number of train steps total          4000
Number of env steps total           29238
Number of rollouts total                0
Train Time (s)                        121.526
(Previous) Eval Time (s)               17.3097
Sample Time (s)                         9.78245
Epoch Time (s)                        148.619
Total Train Time (s)                  612.558
Epoch                                   3
----------------------------------  -------------
2020-07-08 15:34:57.940583 UTC | [2020_07_08_15_24_45] Iteration #3 | Epoch Duration: 149.38593888282776
2020-07-08 15:34:57.941994 UTC | [2020_07_08_15_24_45] Iteration #3 | Started Training: False
----------------------------------  -------------
Z mean train                            0.0254204
Z variance train                        0.790035
KL Divergence                           0.7249
KL Loss                                 0.07249
QF Loss                                 3.61838
VF Loss                                 0.400596
Policy Loss                            33.8329
Aux Loss                               12.6549
Q Predictions Mean                    -36.854
Q Predictions Std                      21.2339
Q Predictions Max                       2.34886
Q Predictions Min                    -118.11
V Predictions Mean                    -33.5311
V Predictions Std                      19.9157
V Predictions Max                       3.41225
V Predictions Min                    -113.525
Log Pis Mean                           -1.18875
Log Pis Std                             1.28258
Log Pis Max                             3.97921
Log Pis Min                            -6.4395
Policy mu Mean                          0.26481
Policy mu Std                           0.577948
Policy mu Max                           1.30114
Policy mu Min                          -1.42404
Policy log std Mean                    -0.283822
Policy log std Std                      0.0847433
Policy log std Max                     -0.0934043
Policy log std Min                     -0.551352
Z mean eval                             0.0132165
Z variance eval                         0.88998
AverageTrainReturn_all_train_tasks     -5.62673
AverageReturn_all_train_tasks          -5.22492
AverageReturn_all_test_tasks           -6.57089
Number of train steps total          5000
Number of env steps total           34194
Number of rollouts total                0
Train Time (s)                        121.628
(Previous) Eval Time (s)               18.0766
Sample Time (s)                         9.41301
Epoch Time (s)                        149.117
Total Train Time (s)                  761.652
Epoch                                   4
----------------------------------  -------------
2020-07-08 15:37:27.026083 UTC | [2020_07_08_15_24_45] Iteration #4 | Epoch Duration: 149.0827808380127
2020-07-08 15:37:27.027191 UTC | [2020_07_08_15_24_45] Iteration #4 | Started Training: False
----------------------------------  -------------
Z mean train                            0.0280944
Z variance train                        0.767381
KL Divergence                           1.08767
KL Loss                                 0.108767
QF Loss                                 4.46112
VF Loss                                 0.552434
Policy Loss                            36.7639
Aux Loss                                9.44664
Q Predictions Mean                    -39.8714
Q Predictions Std                      23.0818
Q Predictions Max                      11.3708
Q Predictions Min                    -142.862
V Predictions Mean                    -37.1215
V Predictions Std                      21.8271
V Predictions Max                      12.6486
V Predictions Min                    -134.324
Log Pis Mean                           -1.06369
Log Pis Std                             1.31562
Log Pis Max                             3.9779
Log Pis Min                            -6.85792
Policy mu Mean                          0.272696
Policy mu Std                           0.606467
Policy mu Max                           1.41794
Policy mu Min                          -1.45755
Policy log std Mean                    -0.306733
Policy log std Std                      0.0860152
Policy log std Max                     -0.0489818
Policy log std Min                     -0.585929
Z mean eval                             0.0418213
Z variance eval                         0.791705
AverageTrainReturn_all_train_tasks     -1.73461
AverageReturn_all_train_tasks          -7.20297
AverageReturn_all_test_tasks           -7.14123
Number of train steps total          6000
Number of env steps total           39328
Number of rollouts total                0
Train Time (s)                        120.48
(Previous) Eval Time (s)               18.0418
Sample Time (s)                        10.6083
Epoch Time (s)                        149.13
Total Train Time (s)                  909.441
Epoch                                   5
----------------------------------  -------------
2020-07-08 15:39:54.839067 UTC | [2020_07_08_15_24_45] Iteration #5 | Epoch Duration: 147.81065130233765
2020-07-08 15:39:54.840200 UTC | [2020_07_08_15_24_45] Iteration #5 | Started Training: False
----------------------------------  -------------
Z mean train                            0.0614128
Z variance train                        0.735012
KL Divergence                           1.74945
KL Loss                                 0.174945
QF Loss                                 5.54398
VF Loss                                 0.579992
Policy Loss                            40.4281
Aux Loss                                7.05239
Q Predictions Mean                    -43.8747
Q Predictions Std                      25.774
Q Predictions Max                      22.3981
Q Predictions Min                    -154.032
V Predictions Mean                    -40.296
V Predictions Std                      24.0872
V Predictions Max                      22.6998
V Predictions Min                    -138.534
Log Pis Mean                           -0.845447
Log Pis Std                             1.38443
Log Pis Max                             4.08153
Log Pis Min                            -7.85681
Policy mu Mean                          0.316794
Policy mu Std                           0.644378
Policy mu Max                           1.48561
Policy mu Min                          -1.53958
Policy log std Mean                    -0.322158
Policy log std Std                      0.102628
Policy log std Max                      0.136398
Policy log std Min                     -0.600925
Z mean eval                             0.0722931
Z variance eval                         0.767019
AverageTrainReturn_all_train_tasks     -2.93175
AverageReturn_all_train_tasks          -7.10981
AverageReturn_all_test_tasks           -6.88924
Number of train steps total          7000
Number of env steps total           44515
Number of rollouts total                0
Train Time (s)                        121.675
(Previous) Eval Time (s)               16.722
Sample Time (s)                        10.6847
Epoch Time (s)                        149.082
Total Train Time (s)                 1058.07
Epoch                                   6
----------------------------------  -------------
2020-07-08 15:42:23.470525 UTC | [2020_07_08_15_24_45] Iteration #6 | Epoch Duration: 148.62942147254944
2020-07-08 15:42:23.471595 UTC | [2020_07_08_15_24_45] Iteration #6 | Started Training: False
----------------------------------  -------------
Z mean train                            0.0419631
Z variance train                        0.982868
KL Divergence                           2.33043
KL Loss                                 0.233043
QF Loss                                 6.84239
VF Loss                                 0.492715
Policy Loss                            33.7881
Aux Loss                                8.54658
Q Predictions Mean                    -36.7249
Q Predictions Std                      27.3799
Q Predictions Max                      29.2
Q Predictions Min                    -183.87
V Predictions Mean                    -33.6714
V Predictions Std                      25.9449
V Predictions Max                      30.5462
V Predictions Min                    -168.472
Log Pis Mean                           -1.02661
Log Pis Std                             1.32434
Log Pis Max                             3.9916
Log Pis Min                            -6.82488
Policy mu Mean                          0.30157
Policy mu Std                           0.614685
Policy mu Max                           1.57202
Policy mu Min                          -1.48613
Policy log std Mean                    -0.334282
Policy log std Std                      0.107182
Policy log std Max                      0.129419
Policy log std Min                     -0.611307
Z mean eval                             0.107785
Z variance eval                         0.705045
AverageTrainReturn_all_train_tasks     -6.47023
AverageReturn_all_train_tasks          -5.58034
AverageReturn_all_test_tasks           -6.7036
Number of train steps total          8000
Number of env steps total           49648
Number of rollouts total                0
Train Time (s)                        120.217
(Previous) Eval Time (s)               16.2694
Sample Time (s)                        10.2979
Epoch Time (s)                        146.785
Total Train Time (s)                 1205.73
Epoch                                   7
----------------------------------  -------------
2020-07-08 15:44:51.127313 UTC | [2020_07_08_15_24_45] Iteration #7 | Epoch Duration: 147.65442991256714
2020-07-08 15:44:51.128533 UTC | [2020_07_08_15_24_45] Iteration #7 | Started Training: False
----------------------------------  ------------
Z mean train                            0.132602
Z variance train                        0.782182
KL Divergence                          10.5494
KL Loss                                 1.05494
QF Loss                                12.5981
VF Loss                                 1.59417
Policy Loss                            41.7511
Aux Loss                                7.51302
Q Predictions Mean                    -44.516
Q Predictions Std                      34.8511
Q Predictions Max                      35.2934
Q Predictions Min                    -193.425
V Predictions Mean                    -41.2039
V Predictions Std                      33.0895
V Predictions Max                      37.3272
V Predictions Min                    -181.217
Log Pis Mean                           -0.826296
Log Pis Std                             1.38727
Log Pis Max                             3.90944
Log Pis Min                            -6.80544
Policy mu Mean                          0.280615
Policy mu Std                           0.672962
Policy mu Max                           1.53877
Policy mu Min                          -1.40729
Policy log std Mean                    -0.333671
Policy log std Std                      0.115189
Policy log std Max                      0.133859
Policy log std Min                     -0.623615
Z mean eval                             0.309294
Z variance eval                         0.679693
AverageTrainReturn_all_train_tasks     -7.82439
AverageReturn_all_train_tasks          -5.79634
AverageReturn_all_test_tasks           -7.24933
Number of train steps total          9000
Number of env steps total           54570
Number of rollouts total                0
Train Time (s)                        120.658
(Previous) Eval Time (s)               17.1387
Sample Time (s)                         9.65902
Epoch Time (s)                        147.455
Total Train Time (s)                 1353.54
Epoch                                   8
----------------------------------  ------------
2020-07-08 15:47:18.924442 UTC | [2020_07_08_15_24_45] Iteration #8 | Epoch Duration: 147.79463386535645
2020-07-08 15:47:18.925591 UTC | [2020_07_08_15_24_45] Iteration #8 | Started Training: False
----------------------------------  ------------
Z mean train                            0.511837
Z variance train                        0.426667
KL Divergence                          33.3159
KL Loss                                 3.33159
QF Loss                                16.3554
VF Loss                                 1.98812
Policy Loss                            29.8248
Aux Loss                               -2.01152
Q Predictions Mean                    -32.2384
Q Predictions Std                      31.4093
Q Predictions Max                      38.9815
Q Predictions Min                    -153.438
V Predictions Mean                    -30.4017
V Predictions Std                      29.6672
V Predictions Max                      42.2412
V Predictions Min                    -146.554
Log Pis Mean                           -1.03068
Log Pis Std                             1.29685
Log Pis Max                             3.57469
Log Pis Min                            -6.71764
Policy mu Mean                          0.311703
Policy mu Std                           0.596661
Policy mu Max                           1.7739
Policy mu Min                          -1.32643
Policy log std Mean                    -0.319682
Policy log std Std                      0.1186
Policy log std Max                      0.140973
Policy log std Min                     -0.645608
Z mean eval                             0.439434
Z variance eval                         0.585232
AverageTrainReturn_all_train_tasks     -7.28209
AverageReturn_all_train_tasks          -4.97856
AverageReturn_all_test_tasks           -6.56846
Number of train steps total         10000
Number of env steps total           59456
Number of rollouts total                0
Train Time (s)                        122.988
(Previous) Eval Time (s)               17.4775
Sample Time (s)                         9.62366
Epoch Time (s)                        150.089
Total Train Time (s)                 1503.62
Epoch                                   9
----------------------------------  ------------
2020-07-08 15:49:49.023082 UTC | [2020_07_08_15_24_45] Iteration #9 | Epoch Duration: 150.0964298248291
2020-07-08 15:49:49.024176 UTC | [2020_07_08_15_24_45] Iteration #9 | Started Training: False
