----------------------------------  ---------------
Z mean train                            0.00186068
Z variance train                        0.692464
KL Divergence                           2.87898
KL Loss                                 0.287898
QF Loss                                21.2603
VF Loss                                 4.19991
Policy Loss                            -2.01322
Aux Loss                               24.3112
Q Predictions Mean                      0.00166221
Q Predictions Std                       0.000454212
Q Predictions Max                       0.00298039
Q Predictions Min                       0.000327264
V Predictions Mean                      0.00153724
V Predictions Std                       0.000714845
V Predictions Max                       0.00318879
V Predictions Min                      -0.000369262
Log Pis Mean                           -2.01895
Log Pis Std                             0.391182
Log Pis Max                            -0.80458
Log Pis Min                            -4.81687
Policy mu Mean                          0.00050367
Policy mu Std                           0.000366696
Policy mu Max                           0.00148696
Policy mu Min                          -0.000237955
Policy log std Mean                     0.000902337
Policy log std Std                      0.00116332
Policy log std Max                      0.00300067
Policy log std Min                     -0.000854479
Z mean eval                             0.0269534
Z variance eval                         0.781712
AverageTrainReturn_all_train_tasks     -8.53089
AverageReturn_all_train_tasks          -8.63647
AverageReturn_all_test_tasks           -7.15552
Number of train steps total          1000
Number of env steps total           14000
Number of rollouts total                0
Train Time (s)                        110.321
(Previous) Eval Time (s)                0
Sample Time (s)                        28.999
Epoch Time (s)                        139.32
Total Train Time (s)                  155.992
Epoch                                   0
----------------------------------  ---------------
2020-07-20 16:18:36.088287 UTC | [2020_07_20_16_15_59] Iteration #0 | Epoch Duration: 156.05364847183228
2020-07-20 16:18:36.089502 UTC | [2020_07_20_16_15_59] Iteration #0 | Started Training: True
