----------------------------------  --------------
Z mean train                           0.00487978
Z variance train                       0.693578
KL Divergence                          2.8493
KL Loss                                0.28493
QF Loss                               21.0671
VF Loss                                4.09001
Policy Loss                           -1.98969
Aux Loss                              25.6802
Q Predictions Mean                    -0.00081918
Q Predictions Std                      0.000663941
Q Predictions Max                      0.000620392
Q Predictions Min                     -0.00246267
V Predictions Mean                     0.00244967
V Predictions Std                      0.000332843
V Predictions Max                      0.00306592
V Predictions Min                      0.00165924
Log Pis Mean                          -1.99665
Log Pis Std                            0.37532
Log Pis Max                           -0.793059
Log Pis Min                           -2.98898
Policy mu Mean                        -0.000234313
Policy mu Std                          0.000735312
Policy mu Max                          0.000594494
Policy mu Min                         -0.00147783
Policy log std Mean                    0.000830833
Policy log std Std                     0.000290971
Policy log std Max                     0.00185658
Policy log std Min                     0.000252454
Z mean eval                            0.0852262
Z variance eval                        0.867603
AverageTrainReturn_all_train_tasks    -8.61206
AverageReturn_all_train_tasks         -8.18864
AverageReturn_all_test_tasks          -8.6363
Number of train steps total         1000
Number of env steps total           5400
Number of rollouts total               0
Train Time (s)                      1937.54
(Previous) Eval Time (s)               0
Sample Time (s)                       10.4402
Epoch Time (s)                      1947.98
Total Train Time (s)                1963.22
Epoch                                  0
----------------------------------  --------------
2020-07-20 11:31:01.508826 UTC | [2020_07_20_10_58_18] Iteration #0 | Epoch Duration: 1963.3008880615234
2020-07-20 11:31:01.510296 UTC | [2020_07_20_10_58_18] Iteration #0 | Started Training: False
