----------------------------------  --------------
Z mean train                           0.00481868
Z variance train                       0.695563
KL Divergence                          2.84275
KL Loss                                0.284275
QF Loss                               21.1849
VF Loss                                4.12685
Policy Loss                           -1.99914
Aux Loss                              22.1566
Q Predictions Mean                     0.00176777
Q Predictions Std                      0.000500634
Q Predictions Max                      0.002897
Q Predictions Min                      0.000536662
V Predictions Mean                     0.00164191
V Predictions Std                      0.000381457
V Predictions Max                      0.00237161
V Predictions Min                      0.000764654
Log Pis Mean                          -2.00364
Log Pis Std                            0.369932
Log Pis Max                           -0.831028
Log Pis Min                           -5.24469
Policy mu Mean                         0.000960679
Policy mu Std                          0.000282469
Policy mu Max                          0.00174143
Policy mu Min                          0.000395099
Policy log std Mean                    0.00057504
Policy log std Std                     0.00157355
Policy log std Max                     0.00289339
Policy log std Min                    -0.00158946
Z mean eval                            0.104922
Z variance eval                        0.926371
AverageTrainReturn_all_train_tasks    -9.31723
AverageReturn_all_train_tasks         -8.55315
AverageReturn_all_test_tasks          -9.24106
Number of train steps total         1000
Number of env steps total           5400
Number of rollouts total               0
Train Time (s)                       706.336
(Previous) Eval Time (s)               0
Sample Time (s)                       10.3566
Epoch Time (s)                       716.692
Total Train Time (s)                 731.9
Epoch                                  0
----------------------------------  --------------
2020-07-20 12:02:55.811693 UTC | [2020_07_20_11_50_43] Iteration #0 | Epoch Duration: 731.9562592506409
2020-07-20 12:02:55.812963 UTC | [2020_07_20_11_50_43] Iteration #0 | Started Training: False
----------------------------------  ------------
Z mean train                           0.0386089
Z variance train                       0.943986
KL Divergence                          0.65429
KL Loss                                0.065429
QF Loss                                0.262682
VF Loss                                0.10144
Policy Loss                            4.41477
Aux Loss                               8.27251
Q Predictions Mean                    -6.55746
Q Predictions Std                      2.61198
Q Predictions Max                     -2.33623
Q Predictions Min                    -16.9407
V Predictions Mean                    -4.39685
V Predictions Std                      2.47065
V Predictions Max                     -0.633109
V Predictions Min                    -14.1977
Log Pis Mean                          -2.01622
Log Pis Std                            0.382154
Log Pis Max                           -0.643383
Log Pis Min                           -4.52839
Policy mu Mean                         0.0716763
Policy mu Std                          0.1452
Policy mu Max                          0.344498
Policy mu Min                         -0.300881
Policy log std Mean                   -0.156991
Policy log std Std                     0.0211019
Policy log std Max                    -0.116498
Policy log std Min                    -0.209904
Z mean eval                            0.175128
Z variance eval                        0.907411
AverageTrainReturn_all_train_tasks    -7.59214
AverageReturn_all_train_tasks         -7.60098
AverageReturn_all_test_tasks          -8.50962
Number of train steps total         2000
Number of env steps total           6800
Number of rollouts total               0
Train Time (s)                       711.481
(Previous) Eval Time (s)              15.2626
Sample Time (s)                        2.80844
Epoch Time (s)                       729.552
Total Train Time (s)                1461.47
Epoch                                  1
----------------------------------  ------------
2020-07-20 12:15:05.373730 UTC | [2020_07_20_11_50_43] Iteration #1 | Epoch Duration: 729.5596256256104
2020-07-20 12:15:05.374769 UTC | [2020_07_20_11_50_43] Iteration #1 | Started Training: False
----------------------------------  ------------
Z mean train                           0.0124916
Z variance train                       0.870659
KL Divergence                          0.426727
KL Loss                                0.0426727
QF Loss                                0.496984
VF Loss                                0.114744
Policy Loss                            8.35366
Aux Loss                              10.8781
Q Predictions Mean                   -10.6874
Q Predictions Std                      6.8279
Q Predictions Max                     -0.534995
Q Predictions Min                    -34.5181
V Predictions Mean                    -8.43597
V Predictions Std                      6.50801
V Predictions Max                      0.307622
V Predictions Min                    -31.6665
Log Pis Mean                          -1.77989
Log Pis Std                            0.74143
Log Pis Max                            1.03477
Log Pis Min                           -6.8662
Policy mu Mean                         0.173465
Policy mu Std                          0.317063
Policy mu Max                          0.822288
Policy mu Min                         -0.705863
Policy log std Mean                   -0.188459
Policy log std Std                     0.0331128
Policy log std Max                    -0.136882
Policy log std Min                    -0.273041
Z mean eval                            0.162773
Z variance eval                        0.754614
AverageTrainReturn_all_train_tasks    -7.91668
AverageReturn_all_train_tasks         -7.60304
AverageReturn_all_test_tasks          -7.53468
Number of train steps total         3000
Number of env steps total           8200
Number of rollouts total               0
Train Time (s)                       710.142
(Previous) Eval Time (s)              15.27
Sample Time (s)                        2.79376
Epoch Time (s)                       728.205
Total Train Time (s)                2189.67
Epoch                                  2
----------------------------------  ------------
2020-07-20 12:27:13.578009 UTC | [2020_07_20_11_50_43] Iteration #2 | Epoch Duration: 728.2023310661316
2020-07-20 12:27:13.579100 UTC | [2020_07_20_11_50_43] Iteration #2 | Started Training: False
----------------------------------  ------------
Z mean train                           0.0478482
Z variance train                       0.707082
KL Divergence                          0.983989
KL Loss                                0.0983989
QF Loss                                0.880311
VF Loss                                0.116526
Policy Loss                            9.63913
Aux Loss                               8.95254
Q Predictions Mean                   -12.4789
Q Predictions Std                      8.86136
Q Predictions Max                     -0.762717
Q Predictions Min                    -49.7604
V Predictions Mean                    -9.66333
V Predictions Std                      8.18979
V Predictions Max                      1.19261
V Predictions Min                    -46.5014
Log Pis Mean                          -1.43996
Log Pis Std                            1.08214
Log Pis Max                            2.07941
Log Pis Min                           -6.93285
Policy mu Mean                         0.16439
Policy mu Std                          0.4989
Policy mu Max                          1.14362
Policy mu Min                         -1.0911
Policy log std Mean                   -0.236862
Policy log std Std                     0.0709167
Policy log std Max                    -0.117255
Policy log std Min                    -0.429584
Z mean eval                            0.154491
Z variance eval                        0.824218
AverageTrainReturn_all_train_tasks    -7.71565
AverageReturn_all_train_tasks         -7.74727
AverageReturn_all_test_tasks          -7.87378
Number of train steps total         4000
Number of env steps total           9600
Number of rollouts total               0
Train Time (s)                       708.23
(Previous) Eval Time (s)              15.2668
Sample Time (s)                        2.82335
Epoch Time (s)                       726.321
Total Train Time (s)                2916.02
Epoch                                  3
----------------------------------  ------------
2020-07-20 12:39:19.959353 UTC | [2020_07_20_11_50_43] Iteration #3 | Epoch Duration: 726.3792781829834
2020-07-20 12:39:19.960296 UTC | [2020_07_20_11_50_43] Iteration #3 | Started Training: False
----------------------------------  -------------
Z mean train                            0.0543608
Z variance train                        0.851993
KL Divergence                           1.68474
KL Loss                                 0.168474
QF Loss                                 0.892782
VF Loss                                 0.189094
Policy Loss                            12.4701
Aux Loss                                6.67138
Q Predictions Mean                    -15.4469
Q Predictions Std                      13.5227
Q Predictions Max                      -0.257878
Q Predictions Min                     -57.0121
V Predictions Mean                    -12.3931
V Predictions Std                      12.5993
V Predictions Max                       1.52883
V Predictions Min                     -53.6421
Log Pis Mean                           -1.37512
Log Pis Std                             1.10538
Log Pis Max                             2.33169
Log Pis Min                            -6.62079
Policy mu Mean                          0.170795
Policy mu Std                           0.524439
Policy mu Max                           1.1807
Policy mu Min                          -1.17154
Policy log std Mean                    -0.241318
Policy log std Std                      0.0759789
Policy log std Max                     -0.117493
Policy log std Min                     -0.461452
Z mean eval                             0.265867
Z variance eval                         0.638403
AverageTrainReturn_all_train_tasks     -7.37327
AverageReturn_all_train_tasks          -6.87076
AverageReturn_all_test_tasks           -7.1674
Number of train steps total          5000
Number of env steps total           11000
Number of rollouts total                0
Train Time (s)                        708.654
(Previous) Eval Time (s)               15.3255
Sample Time (s)                         2.77874
Epoch Time (s)                        726.758
Total Train Time (s)                 3642.79
Epoch                                   4
----------------------------------  -------------
2020-07-20 12:51:26.696666 UTC | [2020_07_20_11_50_43] Iteration #4 | Epoch Duration: 726.7354216575623
2020-07-20 12:51:26.697927 UTC | [2020_07_20_11_50_43] Iteration #4 | Started Training: False
----------------------------------  -------------
Z mean train                            0.0881029
Z variance train                        0.704551
KL Divergence                          15.6557
KL Loss                                 1.56557
QF Loss                                 0.883564
VF Loss                                 0.128111
Policy Loss                             8.81625
Aux Loss                                3.87017
Q Predictions Mean                    -11.5638
Q Predictions Std                       8.79301
Q Predictions Max                       1.46266
Q Predictions Min                     -59.5004
V Predictions Mean                     -8.76875
V Predictions Std                       7.93835
V Predictions Max                       3.44219
V Predictions Min                     -47.4129
Log Pis Mean                           -1.45501
Log Pis Std                             1.09979
Log Pis Max                             2.73592
Log Pis Min                            -7.53602
Policy mu Mean                          0.174418
Policy mu Std                           0.493487
Policy mu Max                           1.25197
Policy mu Min                          -1.15333
Policy log std Mean                    -0.237117
Policy log std Std                      0.0797923
Policy log std Max                     -0.0875965
Policy log std Min                     -0.509393
Z mean eval                             0.373938
Z variance eval                         0.54621
AverageTrainReturn_all_train_tasks     -7.01363
AverageReturn_all_train_tasks          -7.55094
AverageReturn_all_test_tasks           -7.14266
Number of train steps total          6000
Number of env steps total           12400
Number of rollouts total                0
Train Time (s)                        706.534
(Previous) Eval Time (s)               15.3027
Sample Time (s)                         2.81906
Epoch Time (s)                        724.655
Total Train Time (s)                 4367.71
Epoch                                   5
----------------------------------  -------------
2020-07-20 13:03:31.636943 UTC | [2020_07_20_11_50_43] Iteration #5 | Epoch Duration: 724.9378788471222
2020-07-20 13:03:31.638549 UTC | [2020_07_20_11_50_43] Iteration #5 | Started Training: False
----------------------------------  -------------
Z mean train                            0.276454
Z variance train                        0.613503
KL Divergence                          39.4642
KL Loss                                 3.94642
QF Loss                                 1.3246
VF Loss                                 0.394393
Policy Loss                            12.539
Aux Loss                               -1.54193
Q Predictions Mean                    -15.842
Q Predictions Std                      12.5178
Q Predictions Max                       2.47633
Q Predictions Min                     -70.2056
V Predictions Mean                    -12.0785
V Predictions Std                      11.2815
V Predictions Max                       4.63589
V Predictions Min                     -63.0408
Log Pis Mean                           -1.15898
Log Pis Std                             1.29965
Log Pis Max                             2.90874
Log Pis Min                            -5.54579
Policy mu Mean                          0.46031
Policy mu Std                           0.432187
Policy mu Max                           1.27883
Policy mu Min                          -1.12139
Policy log std Mean                    -0.269783
Policy log std Std                      0.106275
Policy log std Max                     -0.0570978
Policy log std Min                     -0.544013
Z mean eval                             0.137577
Z variance eval                         0.656777
AverageTrainReturn_all_train_tasks     -6.56679
AverageReturn_all_train_tasks          -7.04382
AverageReturn_all_test_tasks           -7.19313
Number of train steps total          7000
Number of env steps total           13800
Number of rollouts total                0
Train Time (s)                        705.779
(Previous) Eval Time (s)               15.5852
Sample Time (s)                         2.82336
Epoch Time (s)                        724.188
Total Train Time (s)                 5091.88
Epoch                                   6
----------------------------------  -------------
2020-07-20 13:15:35.819420 UTC | [2020_07_20_11_50_43] Iteration #6 | Epoch Duration: 724.179568529129
2020-07-20 13:15:35.823539 UTC | [2020_07_20_11_50_43] Iteration #6 | Started Training: False
----------------------------------  -------------
Z mean train                            0.583738
Z variance train                        0.629355
KL Divergence                          38.3826
KL Loss                                 3.83826
QF Loss                                 1.29364
VF Loss                                 0.231127
Policy Loss                            11.0705
Aux Loss                               -3.94066
Q Predictions Mean                    -14.3067
Q Predictions Std                      12.3872
Q Predictions Max                       4.88562
Q Predictions Min                     -71.3622
V Predictions Mean                    -10.9866
V Predictions Std                      11.0572
V Predictions Max                       6.44176
V Predictions Min                     -64.7712
Log Pis Mean                           -1.3024
Log Pis Std                             1.19048
Log Pis Max                             3.25026
Log Pis Min                            -5.70479
Policy mu Mean                          0.350506
Policy mu Std                           0.466008
Policy mu Max                           1.25627
Policy mu Min                          -1.27153
Policy log std Mean                    -0.253136
Policy log std Std                      0.086016
Policy log std Max                     -0.0928574
Policy log std Min                     -0.505646
Z mean eval                             0.626906
Z variance eval                         0.476106
AverageTrainReturn_all_train_tasks     -7.16951
AverageReturn_all_train_tasks          -7.68608
AverageReturn_all_test_tasks           -6.95139
Number of train steps total          8000
Number of env steps total           15200
Number of rollouts total                0
Train Time (s)                        708.13
(Previous) Eval Time (s)               15.5771
Sample Time (s)                         2.8203
Epoch Time (s)                        726.527
Total Train Time (s)                 5818.34
Epoch                                   7
----------------------------------  -------------
2020-07-20 13:27:42.261976 UTC | [2020_07_20_11_50_43] Iteration #7 | Epoch Duration: 726.4373233318329
2020-07-20 13:27:42.263076 UTC | [2020_07_20_11_50_43] Iteration #7 | Started Training: False
----------------------------------  -------------
Z mean train                            0.668288
Z variance train                        0.62296
KL Divergence                          41.8737
KL Loss                                 4.18737
QF Loss                                 1.08099
VF Loss                                 0.211575
Policy Loss                             7.65778
Aux Loss                               -2.17645
Q Predictions Mean                    -10.5122
Q Predictions Std                      11.3616
Q Predictions Max                       7.07678
Q Predictions Min                     -44.6027
V Predictions Mean                     -7.85528
V Predictions Std                      10.5953
V Predictions Max                       8.97572
V Predictions Min                     -40.0243
Log Pis Mean                           -1.28556
Log Pis Std                             1.17113
Log Pis Max                             2.62175
Log Pis Min                            -6.3205
Policy mu Mean                          0.311388
Policy mu Std                           0.484391
Policy mu Max                           1.23666
Policy mu Min                          -0.973157
Policy log std Mean                    -0.250781
Policy log std Std                      0.0832615
Policy log std Max                     -0.0602373
Policy log std Min                     -0.486867
Z mean eval                             0.55101
Z variance eval                         0.374667
AverageTrainReturn_all_train_tasks     -6.79394
AverageReturn_all_train_tasks          -6.71328
AverageReturn_all_test_tasks           -6.44546
Number of train steps total          9000
Number of env steps total           16600
Number of rollouts total                0
Train Time (s)                        708.814
(Previous) Eval Time (s)               15.4869
Sample Time (s)                         2.81852
Epoch Time (s)                        727.119
Total Train Time (s)                 6545.55
Epoch                                   8
----------------------------------  -------------
2020-07-20 13:39:49.482833 UTC | [2020_07_20_11_50_43] Iteration #8 | Epoch Duration: 727.2186257839203
2020-07-20 13:39:49.483946 UTC | [2020_07_20_11_50_43] Iteration #8 | Started Training: False
----------------------------------  -------------
Z mean train                            0.273058
Z variance train                        0.492381
KL Divergence                          46.7308
KL Loss                                 4.67308
QF Loss                                 1.41064
VF Loss                                 0.214752
Policy Loss                             7.62793
Aux Loss                               -2.86591
Q Predictions Mean                    -10.8126
Q Predictions Std                      14.9228
Q Predictions Max                       8.61053
Q Predictions Min                     -70.866
V Predictions Mean                     -7.5531
V Predictions Std                      13.8608
V Predictions Max                      10.38
V Predictions Min                     -65.8104
Log Pis Mean                           -1.24117
Log Pis Std                             1.26519
Log Pis Max                             3.00096
Log Pis Min                            -6.40951
Policy mu Mean                          0.366041
Policy mu Std                           0.48472
Policy mu Max                           1.2703
Policy mu Min                          -1.218
Policy log std Mean                    -0.275008
Policy log std Std                      0.0913449
Policy log std Max                     -0.0576583
Policy log std Min                     -0.525525
Z mean eval                             0.958545
Z variance eval                         0.175513
AverageTrainReturn_all_train_tasks     -6.86401
AverageReturn_all_train_tasks          -6.67187
AverageReturn_all_test_tasks           -6.72377
Number of train steps total         10000
Number of env steps total           18000
Number of rollouts total                0
Train Time (s)                        706.893
(Previous) Eval Time (s)               15.5861
Sample Time (s)                         2.77858
Epoch Time (s)                        725.258
Total Train Time (s)                 7270.75
Epoch                                   9
----------------------------------  -------------
2020-07-20 13:51:54.687920 UTC | [2020_07_20_11_50_43] Iteration #9 | Epoch Duration: 725.2028448581696
2020-07-20 13:51:54.689327 UTC | [2020_07_20_11_50_43] Iteration #9 | Started Training: False
----------------------------------  -------------
Z mean train                            0.666321
Z variance train                        0.407211
KL Divergence                          68.461
KL Loss                                 6.8461
QF Loss                                 1.19637
VF Loss                                 0.194897
Policy Loss                             5.80793
Aux Loss                               -3.3491
Q Predictions Mean                     -8.69448
Q Predictions Std                      11.9927
Q Predictions Max                      11.1473
Q Predictions Min                     -65.9858
V Predictions Mean                     -5.65491
V Predictions Std                      11.0792
V Predictions Max                      13.2837
V Predictions Min                     -60.3792
Log Pis Mean                           -1.31812
Log Pis Std                             1.1589
Log Pis Max                             2.46145
Log Pis Min                            -6.87833
Policy mu Mean                          0.248734
Policy mu Std                           0.532846
Policy mu Max                           1.26539
Policy mu Min                          -1.31342
Policy log std Mean                    -0.25711
Policy log std Std                      0.0799276
Policy log std Max                     -0.0317933
Policy log std Min                     -0.516387
Z mean eval                             0.856586
Z variance eval                         0.24512
AverageTrainReturn_all_train_tasks     -6.70373
AverageReturn_all_train_tasks          -6.35028
AverageReturn_all_test_tasks           -6.83774
Number of train steps total         11000
Number of env steps total           19400
Number of rollouts total                0
Train Time (s)                        710.621
(Previous) Eval Time (s)               15.5313
Sample Time (s)                         2.82644
Epoch Time (s)                        728.978
Total Train Time (s)                 7999.92
Epoch                                  10
----------------------------------  -------------
2020-07-20 14:04:03.836580 UTC | [2020_07_20_11_50_43] Iteration #10 | Epoch Duration: 729.1461277008057
2020-07-20 14:04:03.837663 UTC | [2020_07_20_11_50_43] Iteration #10 | Started Training: False
----------------------------------  -------------
Z mean train                            1.04424
Z variance train                        0.137244
KL Divergence                          83.1024
KL Loss                                 8.31024
QF Loss                                 2.25979
VF Loss                                 0.534976
Policy Loss                             7.06858
Aux Loss                               -0.277035
Q Predictions Mean                    -10.1404
Q Predictions Std                      13.5083
Q Predictions Max                      14.4065
Q Predictions Min                     -58.29
V Predictions Mean                     -6.59628
V Predictions Std                      12.6721
V Predictions Max                      16.2978
V Predictions Min                     -56.8101
Log Pis Mean                           -1.28077
Log Pis Std                             1.14315
Log Pis Max                             2.80377
Log Pis Min                            -6.18746
Policy mu Mean                          0.237838
Policy mu Std                           0.546364
Policy mu Max                           1.28668
Policy mu Min                          -1.1884
Policy log std Mean                    -0.257382
Policy log std Std                      0.088788
Policy log std Max                     -0.0181302
Policy log std Min                     -0.509459
Z mean eval                             0.878652
Z variance eval                         0.161807
AverageTrainReturn_all_train_tasks     -6.57262
AverageReturn_all_train_tasks          -6.24044
AverageReturn_all_test_tasks           -6.40324
Number of train steps total         12000
Number of env steps total           20800
Number of rollouts total                0
Train Time (s)                        711.622
(Previous) Eval Time (s)               15.6989
Sample Time (s)                         2.87926
Epoch Time (s)                        730.2
Total Train Time (s)                 8730.12
Epoch                                  11
----------------------------------  -------------
2020-07-20 14:16:14.050771 UTC | [2020_07_20_11_50_43] Iteration #11 | Epoch Duration: 730.2121458053589
2020-07-20 14:16:14.052387 UTC | [2020_07_20_11_50_43] Iteration #11 | Started Training: False
