----------------------------------  ---------------
Z mean train                            0.0024371
Z variance train                        0.692392
KL Divergence                           2.88109
KL Loss                                 0.288109
QF Loss                                19.6885
VF Loss                                 4.14796
Policy Loss                            -2.00243
Aux Loss                               23.366
Q Predictions Mean                     -0.000429861
Q Predictions Std                       0.000372222
Q Predictions Max                       0.00051345
Q Predictions Min                      -0.00149241
V Predictions Mean                      0.000412071
V Predictions Std                       0.000563921
V Predictions Max                       0.00172008
V Predictions Min                      -0.00105506
Log Pis Mean                           -2.00861
Log Pis Std                             0.373978
Log Pis Max                            -0.890965
Log Pis Min                            -2.93014
Policy mu Mean                         -0.000259364
Policy mu Std                           0.000817332
Policy mu Max                           0.00129923
Policy mu Min                          -0.00178596
Policy log std Mean                    -0.000891322
Policy log std Std                      0.000895995
Policy log std Max                      0.000619185
Policy log std Min                     -0.00246669
Z mean eval                             0.115798
Z variance eval                         0.879802
AverageTrainReturn_all_train_tasks     -8.28481
AverageReturn_all_train_tasks          -9.11055
AverageReturn_all_test_tasks           -7.81227
Number of train steps total          1000
Number of env steps total           28000
Number of rollouts total                0
Train Time (s)                        688.483
(Previous) Eval Time (s)                0
Sample Time (s)                        53.6766
Epoch Time (s)                        742.16
Total Train Time (s)                  757.57
Epoch                                   0
----------------------------------  ---------------
2020-07-20 16:02:55.292212 UTC | [2020_07_20_15_50_17] Iteration #0 | Epoch Duration: 757.6226243972778
2020-07-20 16:02:55.293260 UTC | [2020_07_20_15_50_17] Iteration #0 | Started Training: True
